 ⚠ The "experimental.esmExternals" option has been modified. experimental.esmExternals is not recommended to be modified as it may disrupt module resolution. It should be removed from your next.config.mjs.
 ⨯ ./app/page.tsx
Error:   [31mx[0m Unexpected token `main`. Expected jsx identifier
    ,-[[36;1;4mC:\Users\muller_ally\Desktop\kadotv\frontend\app\page.tsx[0m:48:1]
 [2m45[0m |   const featuredSeries = series.slice(0, 4);
 [2m46[0m | 
 [2m47[0m |   return (
 [2m48[0m |     <main className="min-h-screen overflow-hidden text-white">
    : [35;1m     ^^^^[0m
 [2m49[0m |       {/* ── Hero ─────────────────────────────────────── */}
 [2m50[0m |       <section className="relative h-screen w-full overflow-hidden bg-surface">
 [2m51[0m |         {/* Video background */}
    `----

Caused by:
    Syntax Error

Import trace for requested module:
./app/page.tsx
 ⨯ ./app/page.tsx
Error:   [31mx[0m Unexpected token `main`. Expected jsx identifier
    ,-[[36;1;4mC:\Users\muller_ally\Desktop\kadotv\frontend\app\page.tsx[0m:48:1]
 [2m45[0m |   const featuredSeries = series.slice(0, 4);
 [2m46[0m | 
 [2m47[0m |   return (
 [2m48[0m |     <main className="min-h-screen overflow-hidden text-white">
    : [35;1m     ^^^^[0m
 [2m49[0m |       {/* ── Hero ─────────────────────────────────────── */}
 [2m50[0m |       <section className="relative h-screen w-full overflow-hidden bg-surface">
 [2m51[0m |         {/* Video background */}
    `----

Caused by:
    Syntax Error

Import trace for requested module:
./app/page.tsx
 ⚠ Fast Refresh had to perform a full reload due to a runtime error.
 ⚠ Fast Refresh had to perform a full reload due to a runtime error.
 ⨯ ./app/page.tsx
Error:   [31mx[0m Unexpected token `main`. Expected jsx identifier
    ,-[[36;1;4mC:\Users\muller_ally\Desktop\kadotv\frontend\app\page.tsx[0m:48:1]
 [2m45[0m |   const featuredSeries = series.slice(0, 4);
 [2m46[0m | 
 [2m47[0m |   return (
 [2m48[0m |     <main className="min-h-screen overflow-hidden text-white">
    : [35;1m     ^^^^[0m
 [2m49[0m |       {/* ── Hero ─────────────────────────────────────── */}
 [2m50[0m |       <section className="relative h-screen w-full overflow-hidden bg-surface">
 [2m51[0m |         {/* Video background */}
    `----

Caused by:
    Syntax Error

Import trace for requested module:
./app/page.tsx
 ⨯ ./app/page.tsx
Error:   [31mx[0m Unexpected token `main`. Expected jsx identifier
    ,-[[36;1;4mC:\Users\muller_ally\Desktop\kadotv\frontend\app\page.tsx[0m:48:1]
 [2m45[0m |   const featuredSeries = series.slice(0, 4);
 [2m46[0m | 
 [2m47[0m |   return (
 [2m48[0m |     <main className="min-h-screen overflow-hidden text-white">
    : [35;1m     ^^^^[0m
 [2m49[0m |       {/* ── Hero ─────────────────────────────────────── */}
 [2m50[0m |       <section className="relative h-screen w-full overflow-hidden bg-surface">
 [2m51[0m |         {/* Video background */}
    `----

Caused by:
    Syntax Error

Import trace for requested module:
./app/page.tsx
Warning: useLayoutEffect does nothing on the server, because its effect cannot be encoded into the server renderer's output format. This will lead to a mismatch between the initial, non-hydrated UI and the intended UI. To avoid this, useLayoutEffect should only be used in components that render exclusively on the client. See https://reactjs.org/link/uselayouteffect-ssr for common fixes.
    at ShadowPortal (C:\Users\muller_ally\Desktop\kadotv\node_modules\next\src\client\components\react-dev-overlay\ui\components\shadow-portal.tsx:5:32)
    at DevOverlay (C:\Users\muller_ally\Desktop\kadotv\node_modules\next\src\client\components\react-dev-overlay\ui\dev-overlay.tsx:14:3)
    at ReactDevOverlay (C:\Users\muller_ally\Desktop\kadotv\node_modules\next\src\server\dev\next-dev-server.ts:82:10)
    at div
    at Body (C:\Users\muller_ally\Desktop\kadotv\node_modules\next\src\server\render.tsx:1263:19)
Warning: useLayoutEffect does nothing on the server, because its effect cannot be encoded into the server renderer's output format. This will lead to a mismatch between the initial, non-hydrated UI and the intended UI. To avoid this, useLayoutEffect should only be used in components that render exclusively on the client. See https://reactjs.org/link/uselayouteffect-ssr for common fixes.
    at ShadowPortal (C:\Users\muller_ally\Desktop\kadotv\node_modules\next\src\client\components\react-dev-overlay\ui\components\shadow-portal.tsx:5:32)
    at DevOverlay (C:\Users\muller_ally\Desktop\kadotv\node_modules\next\src\client\components\react-dev-overlay\ui\dev-overlay.tsx:14:3)
    at ReactDevOverlay (C:\Users\muller_ally\Desktop\kadotv\node_modules\next\src\server\dev\next-dev-server.ts:82:10)
    at div
    at Body (C:\Users\muller_ally\Desktop\kadotv\node_modules\next\src\server\render.tsx:1263:19)
Warning: useLayoutEffect does nothing on the server, because its effect cannot be encoded into the server renderer's output format. This will lead to a mismatch between the initial, non-hydrated UI and the intended UI. To avoid this, useLayoutEffect should only be used in components that render exclusively on the client. See https://reactjs.org/link/uselayouteffect-ssr for common fixes.
    at ShadowPortal (C:\Users\muller_ally\Desktop\kadotv\node_modules\next\src\client\components\react-dev-overlay\ui\components\shadow-portal.tsx:5:32)
    at DevOverlay (C:\Users\muller_ally\Desktop\kadotv\node_modules\next\src\client\components\react-dev-overlay\ui\dev-overlay.tsx:14:3)
    at ReactDevOverlay (C:\Users\muller_ally\Desktop\kadotv\node_modules\next\src\server\dev\next-dev-server.ts:82:10)
    at div
    at Body (C:\Users\muller_ally\Desktop\kadotv\node_modules\next\src\server\render.tsx:1263:19)
Warning: useLayoutEffect does nothing on the server, because its effect cannot be encoded into the server renderer's output format. This will lead to a mismatch between the initial, non-hydrated UI and the intended UI. To avoid this, useLayoutEffect should only be used in components that render exclusively on the client. See https://reactjs.org/link/uselayouteffect-ssr for common fixes.
    at ShadowPortal (C:\Users\muller_ally\Desktop\kadotv\node_modules\next\src\client\components\react-dev-overlay\ui\components\shadow-portal.tsx:5:32)
    at DevOverlay (C:\Users\muller_ally\Desktop\kadotv\node_modules\next\src\client\components\react-dev-overlay\ui\dev-overlay.tsx:14:3)
    at ReactDevOverlay (C:\Users\muller_ally\Desktop\kadotv\node_modules\next\src\server\dev\next-dev-server.ts:82:10)
    at div
    at Body (C:\Users\muller_ally\Desktop\kadotv\node_modules\next\src\server\render.tsx:1263:19)
Warning: useLayoutEffect does nothing on the server, because its effect cannot be encoded into the server renderer's output format. This will lead to a mismatch between the initial, non-hydrated UI and the intended UI. To avoid this, useLayoutEffect should only be used in components that render exclusively on the client. See https://reactjs.org/link/uselayouteffect-ssr for common fixes.
    at ShadowPortal (C:\Users\muller_ally\Desktop\kadotv\node_modules\next\src\client\components\react-dev-overlay\ui\components\shadow-portal.tsx:5:32)
    at DevOverlay (C:\Users\muller_ally\Desktop\kadotv\node_modules\next\src\client\components\react-dev-overlay\ui\dev-overlay.tsx:14:3)
    at ReactDevOverlay (C:\Users\muller_ally\Desktop\kadotv\node_modules\next\src\server\dev\next-dev-server.ts:82:10)
    at div
    at Body (C:\Users\muller_ally\Desktop\kadotv\node_modules\next\src\server\render.tsx:1263:19)
Warning: useLayoutEffect does nothing on the server, because its effect cannot be encoded into the server renderer's output format. This will lead to a mismatch between the initial, non-hydrated UI and the intended UI. To avoid this, useLayoutEffect should only be used in components that render exclusively on the client. See https://reactjs.org/link/uselayouteffect-ssr for common fixes.
    at ShadowPortal (C:\Users\muller_ally\Desktop\kadotv\node_modules\next\src\client\components\react-dev-overlay\ui\components\shadow-portal.tsx:5:32)
    at DevOverlay (C:\Users\muller_ally\Desktop\kadotv\node_modules\next\src\client\components\react-dev-overlay\ui\dev-overlay.tsx:14:3)
    at ReactDevOverlay (C:\Users\muller_ally\Desktop\kadotv\node_modules\next\src\server\dev\next-dev-server.ts:82:10)
    at div
    at Body (C:\Users\muller_ally\Desktop\kadotv\node_modules\next\src\server\render.tsx:1263:19)
Warning: useLayoutEffect does nothing on the server, because its effect cannot be encoded into the server renderer's output format. This will lead to a mismatch between the initial, non-hydrated UI and the intended UI. To avoid this, useLayoutEffect should only be used in components that render exclusively on the client. See https://reactjs.org/link/uselayouteffect-ssr for common fixes.
    at ShadowPortal (C:\Users\muller_ally\Desktop\kadotv\node_modules\next\src\client\components\react-dev-overlay\ui\components\shadow-portal.tsx:5:32)
    at DevOverlay (C:\Users\muller_ally\Desktop\kadotv\node_modules\next\src\client\components\react-dev-overlay\ui\dev-overlay.tsx:14:3)
    at ReactDevOverlay (C:\Users\muller_ally\Desktop\kadotv\node_modules\next\src\server\dev\next-dev-server.ts:82:10)
    at div
    at Body (C:\Users\muller_ally\Desktop\kadotv\node_modules\next\src\server\render.tsx:1263:19)
Warning: useLayoutEffect does nothing on the server, because its effect cannot be encoded into the server renderer's output format. This will lead to a mismatch between the initial, non-hydrated UI and the intended UI. To avoid this, useLayoutEffect should only be used in components that render exclusively on the client. See https://reactjs.org/link/uselayouteffect-ssr for common fixes.
    at ShadowPortal (C:\Users\muller_ally\Desktop\kadotv\node_modules\next\src\client\components\react-dev-overlay\ui\components\shadow-portal.tsx:5:32)
    at DevOverlay (C:\Users\muller_ally\Desktop\kadotv\node_modules\next\src\client\components\react-dev-overlay\ui\dev-overlay.tsx:14:3)
    at ReactDevOverlay (C:\Users\muller_ally\Desktop\kadotv\node_modules\next\src\server\dev\next-dev-server.ts:82:10)
    at div
    at Body (C:\Users\muller_ally\Desktop\kadotv\node_modules\next\src\server\render.tsx:1263:19)
 ⚠ Found a change in next.config.mjs. Restarting the server to apply the changes...
 ⨯ ./app/page.tsx
Error:   [31mx[0m Unexpected token `main`. Expected jsx identifier
    ,-[[36;1;4mC:\Users\muller_ally\Desktop\kadotv\frontend\app\page.tsx[0m:48:1]
 [2m45[0m |   const featuredSeries = series.slice(0, 4);
 [2m46[0m | 
 [2m47[0m |   return (
 [2m48[0m |     <main className="min-h-screen overflow-hidden text-white">
    : [35;1m     ^^^^[0m
 [2m49[0m |       {/* ── Hero ─────────────────────────────────────── */}
 [2m50[0m |       <section className="relative h-screen w-full overflow-hidden bg-surface">
 [2m51[0m |         {/* Video background */}
    `----

Caused by:
    Syntax Error

Import trace for requested module:
./app/page.tsx
 ⨯ ./app/page.tsx
Error:   [31mx[0m Unexpected token `main`. Expected jsx identifier
    ,-[[36;1;4mC:\Users\muller_ally\Desktop\kadotv\frontend\app\page.tsx[0m:48:1]
 [2m45[0m |   const featuredSeries = series.slice(0, 4);
 [2m46[0m | 
 [2m47[0m |   return (
 [2m48[0m |     <main className="min-h-screen overflow-hidden text-white">
    : [35;1m     ^^^^[0m
 [2m49[0m |       {/* ── Hero ─────────────────────────────────────── */}
 [2m50[0m |       <section className="relative h-screen w-full overflow-hidden bg-surface">
 [2m51[0m |         {/* Video background */}
    `----

Caused by:
    Syntax Error

Import trace for requested module:
./app/page.tsx
 ⨯ ./app/page.tsx
Error:   [31mx[0m Unexpected token `main`. Expected jsx identifier
    ,-[[36;1;4mC:\Users\muller_ally\Desktop\kadotv\frontend\app\page.tsx[0m:48:1]
 [2m45[0m |   const featuredSeries = series.slice(0, 4);
 [2m46[0m | 
 [2m47[0m |   return (
 [2m48[0m |     <main className="min-h-screen overflow-hidden text-white">
    : [35;1m     ^^^^[0m
 [2m49[0m |       {/* ── Hero ─────────────────────────────────────── */}
 [2m50[0m |       <section className="relative h-screen w-full overflow-hidden bg-surface">
 [2m51[0m |         {/* Video background */}
    `----

Caused by:
    Syntax Error

Import trace for requested module:
./app/page.tsx
 ⨯ ./app/page.tsx
Error:   [31mx[0m Unexpected token `main`. Expected jsx identifier
    ,-[[36;1;4mC:\Users\muller_ally\Desktop\kadotv\frontend\app\page.tsx[0m:48:1]
 [2m45[0m |   const featuredSeries = series.slice(0, 4);
 [2m46[0m | 
 [2m47[0m |   return (
 [2m48[0m |     <main className="min-h-screen overflow-hidden text-white">
    : [35;1m     ^^^^[0m
 [2m49[0m |       {/* ── Hero ─────────────────────────────────────── */}
 [2m50[0m |       <section className="relative h-screen w-full overflow-hidden bg-surface">
 [2m51[0m |         {/* Video background */}
    `----

Caused by:
    Syntax Error

Import trace for requested module:
./app/page.tsx
Warning: useLayoutEffect does nothing on the server, because its effect cannot be encoded into the server renderer's output format. This will lead to a mismatch between the initial, non-hydrated UI and the intended UI. To avoid this, useLayoutEffect should only be used in components that render exclusively on the client. See https://reactjs.org/link/uselayouteffect-ssr for common fixes.
    at ShadowPortal (C:\Users\muller_ally\Desktop\kadotv\node_modules\next\src\client\components\react-dev-overlay\ui\components\shadow-portal.tsx:5:32)
    at DevOverlay (C:\Users\muller_ally\Desktop\kadotv\node_modules\next\src\client\components\react-dev-overlay\ui\dev-overlay.tsx:14:3)
    at ReactDevOverlay (C:\Users\muller_ally\Desktop\kadotv\node_modules\next\src\server\dev\next-dev-server.ts:82:10)
    at div
    at Body (C:\Users\muller_ally\Desktop\kadotv\node_modules\next\src\server\render.tsx:1263:19)
Warning: useLayoutEffect does nothing on the server, because its effect cannot be encoded into the server renderer's output format. This will lead to a mismatch between the initial, non-hydrated UI and the intended UI. To avoid this, useLayoutEffect should only be used in components that render exclusively on the client. See https://reactjs.org/link/uselayouteffect-ssr for common fixes.
    at ShadowPortal (C:\Users\muller_ally\Desktop\kadotv\node_modules\next\src\client\components\react-dev-overlay\ui\components\shadow-portal.tsx:5:32)
    at DevOverlay (C:\Users\muller_ally\Desktop\kadotv\node_modules\next\src\client\components\react-dev-overlay\ui\dev-overlay.tsx:14:3)
    at ReactDevOverlay (C:\Users\muller_ally\Desktop\kadotv\node_modules\next\src\server\dev\next-dev-server.ts:82:10)
    at div
    at Body (C:\Users\muller_ally\Desktop\kadotv\node_modules\next\src\server\render.tsx:1263:19)
Warning: useLayoutEffect does nothing on the server, because its effect cannot be encoded into the server renderer's output format. This will lead to a mismatch between the initial, non-hydrated UI and the intended UI. To avoid this, useLayoutEffect should only be used in components that render exclusively on the client. See https://reactjs.org/link/uselayouteffect-ssr for common fixes.
    at ShadowPortal (C:\Users\muller_ally\Desktop\kadotv\node_modules\next\src\client\components\react-dev-overlay\ui\components\shadow-portal.tsx:5:32)
    at DevOverlay (C:\Users\muller_ally\Desktop\kadotv\node_modules\next\src\client\components\react-dev-overlay\ui\dev-overlay.tsx:14:3)
    at ReactDevOverlay (C:\Users\muller_ally\Desktop\kadotv\node_modules\next\src\server\dev\next-dev-server.ts:82:10)
    at div
    at Body (C:\Users\muller_ally\Desktop\kadotv\node_modules\next\src\server\render.tsx:1263:19)
Warning: useLayoutEffect does nothing on the server, because its effect cannot be encoded into the server renderer's output format. This will lead to a mismatch between the initial, non-hydrated UI and the intended UI. To avoid this, useLayoutEffect should only be used in components that render exclusively on the client. See https://reactjs.org/link/uselayouteffect-ssr for common fixes.
    at ShadowPortal (C:\Users\muller_ally\Desktop\kadotv\node_modules\next\src\client\components\react-dev-overlay\ui\components\shadow-portal.tsx:5:32)
    at DevOverlay (C:\Users\muller_ally\Desktop\kadotv\node_modules\next\src\client\components\react-dev-overlay\ui\dev-overlay.tsx:14:3)
    at ReactDevOverlay (C:\Users\muller_ally\Desktop\kadotv\node_modules\next\src\server\dev\next-dev-server.ts:82:10)
    at div
    at Body (C:\Users\muller_ally\Desktop\kadotv\node_modules\next\src\server\render.tsx:1263:19)
Warning: useLayoutEffect does nothing on the server, because its effect cannot be encoded into the server renderer's output format. This will lead to a mismatch between the initial, non-hydrated UI and the intended UI. To avoid this, useLayoutEffect should only be used in components that render exclusively on the client. See https://reactjs.org/link/uselayouteffect-ssr for common fixes.
    at ShadowPortal (C:\Users\muller_ally\Desktop\kadotv\node_modules\next\src\client\components\react-dev-overlay\ui\components\shadow-portal.tsx:5:32)
    at DevOverlay (C:\Users\muller_ally\Desktop\kadotv\node_modules\next\src\client\components\react-dev-overlay\ui\dev-overlay.tsx:14:3)
    at ReactDevOverlay (C:\Users\muller_ally\Desktop\kadotv\node_modules\next\src\server\dev\next-dev-server.ts:82:10)
    at div
    at Body (C:\Users\muller_ally\Desktop\kadotv\node_modules\next\src\server\render.tsx:1263:19)
Warning: useLayoutEffect does nothing on the server, because its effect cannot be encoded into the server renderer's output format. This will lead to a mismatch between the initial, non-hydrated UI and the intended UI. To avoid this, useLayoutEffect should only be used in components that render exclusively on the client. See https://reactjs.org/link/uselayouteffect-ssr for common fixes.
    at ShadowPortal (C:\Users\muller_ally\Desktop\kadotv\node_modules\next\src\client\components\react-dev-overlay\ui\components\shadow-portal.tsx:5:32)
    at DevOverlay (C:\Users\muller_ally\Desktop\kadotv\node_modules\next\src\client\components\react-dev-overlay\ui\dev-overlay.tsx:14:3)
    at ReactDevOverlay (C:\Users\muller_ally\Desktop\kadotv\node_modules\next\src\server\dev\next-dev-server.ts:82:10)
    at div
    at Body (C:\Users\muller_ally\Desktop\kadotv\node_modules\next\src\server\render.tsx:1263:19)
 ⚠ Fast Refresh had to perform a full reload due to a runtime error.
Warning: useLayoutEffect does nothing on the server, because its effect cannot be encoded into the server renderer's output format. This will lead to a mismatch between the initial, non-hydrated UI and the intended UI. To avoid this, useLayoutEffect should only be used in components that render exclusively on the client. See https://reactjs.org/link/uselayouteffect-ssr for common fixes.
    at ShadowPortal (C:\Users\muller_ally\Desktop\kadotv\node_modules\next\src\client\components\react-dev-overlay\ui\components\shadow-portal.tsx:5:32)
    at DevOverlay (C:\Users\muller_ally\Desktop\kadotv\node_modules\next\src\client\components\react-dev-overlay\ui\dev-overlay.tsx:14:3)
    at ReactDevOverlay (C:\Users\muller_ally\Desktop\kadotv\node_modules\next\src\server\dev\next-dev-server.ts:82:10)
    at div
    at Body (C:\Users\muller_ally\Desktop\kadotv\node_modules\next\src\server\render.tsx:1263:19)
Warning: useLayoutEffect does nothing on the server, because its effect cannot be encoded into the server renderer's output format. This will lead to a mismatch between the initial, non-hydrated UI and the intended UI. To avoid this, useLayoutEffect should only be used in components that render exclusively on the client. See https://reactjs.org/link/uselayouteffect-ssr for common fixes.
    at ShadowPortal (C:\Users\muller_ally\Desktop\kadotv\node_modules\next\src\client\components\react-dev-overlay\ui\components\shadow-portal.tsx:5:32)
    at DevOverlay (C:\Users\muller_ally\Desktop\kadotv\node_modules\next\src\client\components\react-dev-overlay\ui\dev-overlay.tsx:14:3)
    at ReactDevOverlay (C:\Users\muller_ally\Desktop\kadotv\node_modules\next\src\server\dev\next-dev-server.ts:82:10)
    at div
    at Body (C:\Users\muller_ally\Desktop\kadotv\node_modules\next\src\server\render.tsx:1263:19)
Warning: useLayoutEffect does nothing on the server, because its effect cannot be encoded into the server renderer's output format. This will lead to a mismatch between the initial, non-hydrated UI and the intended UI. To avoid this, useLayoutEffect should only be used in components that render exclusively on the client. See https://reactjs.org/link/uselayouteffect-ssr for common fixes.
    at ShadowPortal (C:\Users\muller_ally\Desktop\kadotv\node_modules\next\src\client\components\react-dev-overlay\ui\components\shadow-portal.tsx:5:32)
    at DevOverlay (C:\Users\muller_ally\Desktop\kadotv\node_modules\next\src\client\components\react-dev-overlay\ui\dev-overlay.tsx:14:3)
    at ReactDevOverlay (C:\Users\muller_ally\Desktop\kadotv\node_modules\next\src\server\dev\next-dev-server.ts:82:10)
    at div
    at Body (C:\Users\muller_ally\Desktop\kadotv\node_modules\next\src\server\render.tsx:1263:19)
Warning: useLayoutEffect does nothing on the server, because its effect cannot be encoded into the server renderer's output format. This will lead to a mismatch between the initial, non-hydrated UI and the intended UI. To avoid this, useLayoutEffect should only be used in components that render exclusively on the client. See https://reactjs.org/link/uselayouteffect-ssr for common fixes.
    at ShadowPortal (C:\Users\muller_ally\Desktop\kadotv\node_modules\next\src\client\components\react-dev-overlay\ui\components\shadow-portal.tsx:5:32)
    at DevOverlay (C:\Users\muller_ally\Desktop\kadotv\node_modules\next\src\client\components\react-dev-overlay\ui\dev-overlay.tsx:14:3)
    at ReactDevOverlay (C:\Users\muller_ally\Desktop\kadotv\node_modules\next\src\server\dev\next-dev-server.ts:82:10)
    at div
    at Body (C:\Users\muller_ally\Desktop\kadotv\node_modules\next\src\server\render.tsx:1263:19)
<w> [webpack.cache.PackFileCacheStrategy] Caching failed for pack: Error: ENOENT: no such file or directory, rename 'C:\Users\muller_ally\Desktop\kadotv\frontend\.next\cache\webpack\client-development-fallback\0.pack.gz_' -> 'C:\Users\muller_ally\Desktop\kadotv\frontend\.next\cache\webpack\client-development-fallback\0.pack.gz'
Warning: useLayoutEffect does nothing on the server, because its effect cannot be encoded into the server renderer's output format. This will lead to a mismatch between the initial, non-hydrated UI and the intended UI. To avoid this, useLayoutEffect should only be used in components that render exclusively on the client. See https://reactjs.org/link/uselayouteffect-ssr for common fixes.
    at ShadowPortal (C:\Users\muller_ally\Desktop\kadotv\node_modules\next\src\client\components\react-dev-overlay\ui\components\shadow-portal.tsx:5:32)
    at DevOverlay (C:\Users\muller_ally\Desktop\kadotv\node_modules\next\src\client\components\react-dev-overlay\ui\dev-overlay.tsx:14:3)
    at ReactDevOverlay (C:\Users\muller_ally\Desktop\kadotv\node_modules\next\src\server\dev\next-dev-server.ts:82:10)
    at div
    at Body (C:\Users\muller_ally\Desktop\kadotv\node_modules\next\src\server\render.tsx:1263:19)
Warning: useLayoutEffect does nothing on the server, because its effect cannot be encoded into the server renderer's output format. This will lead to a mismatch between the initial, non-hydrated UI and the intended UI. To avoid this, useLayoutEffect should only be used in components that render exclusively on the client. See https://reactjs.org/link/uselayouteffect-ssr for common fixes.
    at ShadowPortal (C:\Users\muller_ally\Desktop\kadotv\node_modules\next\src\client\components\react-dev-overlay\ui\components\shadow-portal.tsx:5:32)
    at DevOverlay (C:\Users\muller_ally\Desktop\kadotv\node_modules\next\src\client\components\react-dev-overlay\ui\dev-overlay.tsx:14:3)
    at ReactDevOverlay (C:\Users\muller_ally\Desktop\kadotv\node_modules\next\src\server\dev\next-dev-server.ts:82:10)
    at div
    at Body (C:\Users\muller_ally\Desktop\kadotv\node_modules\next\src\server\render.tsx:1263:19)
