
> kadotv-frontend@0.1.0 dev
> next dev

   ▲ Next.js 15.2.4
   - Local:        http://localhost:3000
   - Network:      http://192.168.1.121:3000
   - Experiments (use with caution):
     · esmExternals

 ✓ Starting...
 ✓ Ready in 17.3s
 ○ Compiling /browse ...
 ✓ Compiled /browse in 38.6s (1445 modules)
 GET /browse 200 in 47573ms
 ✓ Compiled in 9.1s (682 modules)
 ○ Compiling / ...
 GET /browse 500 in 31129ms
 GET /browse 500 in 15736ms
 GET / 500 in 1514ms
   ▲ Next.js 15.2.4
   - Local:        http://localhost:3000
   - Network:      http://10.173.178.118:3000

 ✓ Starting...
 ✓ Ready in 18s
 ○ Compiling /_not-found ...
 GET /_next/static/webpack/f30ca1f1522092a3.webpack.hot-update.json 500 in 168552ms
 GET / 500 in 89ms
 GET / 500 in 47ms
